  Building Custom Rule E:/software_download/NumericalComputation/qpOASES-3.2.1/qpOASES-3.2.1/CMakeLists.txt
  CMake does not need to re-run because E:/software_download/NumericalComputation/qpOASES-3.2.1/qp/CMakeFiles/generate.stamp is up-to-date.
  BLASReplacement.cpp
  Bounds.cpp
  Constraints.cpp
  Flipper.cpp
  Indexlist.cpp
  LAPACKReplacement.cpp
  Matrices.cpp
  MessageHandling.cpp
  OQPinterface.cpp
  Options.cpp
  QProblem.cpp
  QProblemB.cpp
  SQProblem.cpp
  SQProblemSchur.cpp
  SolutionAnalysis.cpp
  SparseSolver.cpp
  SubjectTo.cpp
  Utils.cpp
  正在生成代码...
  qpOASES.vcxproj -> E:\software_download\NumericalComputation\qpOASES-3.2.1\qp\libs\Debug\qpOASES.lib
